[35m[Appium][39m Welcome to Appium v1.22.3
[35m[Appium][39m Non-default server args:
[35m[Appium][39m   port: 58507
[35m[Appium][39m   loglevel: info
[35m[Appium][39m   tmpDir: /var/folders/39/w51_fvf90ts_4wtwtz34stgh0000gn/T//Katalon/Appium/Temp1670819963420
[35m[Appium][39m   chromedriverPort: 58508
[35m[Appium][39m Deprecated server args:
[35m[Appium][39m   [31m--chromedriver-port[39m => --default-capabilities
[35m[Appium][39m Default capabilities, which will be added to each request unless overridden by desired capabilities:
[35m[Appium][39m   chromedriverPort: 58508
[35m[Appium][39m Appium REST http interface listener started on 0.0.0.0:58507
[35m[HTTP][39m [37m-->[39m [37mGET[39m [37m/wd/hub/status[39m
[35m[HTTP][39m [90m{}[39m
[35m[HTTP][39m [37m<-- GET /wd/hub/status [39m[32m200[39m [90m2 ms - 68[39m
[35m[HTTP][39m [90m[39m
[35m[HTTP][39m [37m-->[39m [37mGET[39m [37m/wd/hub/status[39m
[35m[HTTP][39m [90m{}[39m
[35m[HTTP][39m [37m<-- GET /wd/hub/status [39m[32m200[39m [90m2 ms - 68[39m
[35m[HTTP][39m [90m[39m
[35m[HTTP][39m [37m-->[39m [37mPOST[39m [37m/wd/hub/session[39m
[35m[HTTP][39m [90m{"desiredCapabilities":{"app":"/Users/ramadhanash/Documents/Learn/Selenium/Katalon2/test-katalon.git/Apps/wdioNativeDemoApp.app","noReset":true,"appWaitActivity":"*","deviceId":"","deviceName":"iPhone 14","fullReset":false,"wdaLocalPort":58518,"newCommandTimeout":1800,"realDeviceLogger":"/Applications/Katalon Studio PE.app/Contents/Eclipse/configuration/resources/tools/deviceconsole","platformVersion":"16.1","automationName":"XCUITest","waitForAppScript":"true;","platformName":"iOS","udid":"F7FB466C-D215-464E-B152-AF8F92808812"},"capabilities":{"firstMatch":[{"appium:app":"/Users/ramadhanash/Documents/Learn/Selenium/Katalon2/test-katalon.git/Apps/wdioNativeDemoApp.app","appium:appWaitActivity":"*","appium:automationName":"XCUITest","deviceId":"","appium:deviceName":"iPhone 14","appium:fullReset":false,"appium:newCommandTimeout":1800,"appium:noReset":true,"platformName":"ios","appium:platformVersion":"16.1","realDeviceLogger":"/Applications/Katalon Studio PE.app/Contents/Eclipse/configuration/resources/tool...[39m
[35m[BaseDriver][39m The following capabilities are not standard capabilities and should have an extension prefix:
[35m[BaseDriver][39m   deviceId
[35m[BaseDriver][39m   realDeviceLogger
[35m[BaseDriver][39m   chromedriverPort
[35m[HTTP][39m [37m<-- POST /wd/hub/session [39m[31m500[39m [90m34 ms - 735[39m
[35m[HTTP][39m [90m[39m
